<?xml version="1.0" encoding="UTF-8"?>
<testsuite name="SendEmailRunner" tests="1" skipped="0" failures="0" errors="0" timestamp="2024-02-27T15:06:52" hostname="CHBOG9CRVMJ3" time="7.25">
  <properties/>
  <testcase name="testParallel()" classname="SendEmailRunner" time="7.25"/>
  <system-out><![CDATA[10:06:53.735 [Test worker] INFO  com.intuit.karate.Suite - backed up existing 'build\karate-reports' dir to: build\karate-reports_1709046413732
10:06:55.363 [Test worker] INFO  com.intuit.karate - karate.env system property was: null 
10:06:56.794 [Test worker] INFO  com.intuit.karate - karate.env system property was: null 
10:06:57.184 [Test worker] INFO  com.intuit.karate - karate.env system property was: null 
---------------------------------------------------------
feature: classpath:firma-electronica/send-email/send_email.feature
scenarios:  3 | passed:  3 | failed:  0 | time: 2.6438
---------------------------------------------------------

10:06:59.265 [Test worker] INFO  com.intuit.karate.Suite - <<pass>> feature 1 of 1 (0 remaining) classpath:firma-electronica/send-email/send_email.feature
Karate version: 1.3.0
======================================================
elapsed:   6.29 | threads:    1 | thread time: 2.64 
features:     1 | skipped:    0 | efficiency: 0.42
scenarios:    3 | passed:     3 | failed: 0
======================================================

HTML report: (paste into browser to view) | Karate version: 1.3.0
file:///D:/AZURE/NU0388001_Instrumentador_De_Alternativas_MR_Test/firma_electronica_test/Instrumentador_De_Alternativas_firma_electronica_test/build/karate-reports/karate-summary.html
===================================================================

]]></system-out>
  <system-err><![CDATA[Feb 27, 2024 10:06:59 AM net.masterthought.cucumber.ReportParser parseJsonFiles
INFO: File 'D:\AZURE\NU0388001_Instrumentador_De_Alternativas_MR_Test\firma_electronica_test\Instrumentador_De_Alternativas_firma_electronica_test\build\karate-reports\firma-electronica.send-email.send_email.json' contains 1 features
]]></system-err>
</testsuite>
