<?xml version="1.0" encoding="UTF-8"?>
<testsuite name="ConsultPagareRunner" tests="1" skipped="0" failures="0" errors="0" timestamp="2024-03-11T22:26:33" hostname="50HW020436" time="8.931">
  <properties/>
  <testcase name="testParallel()" classname="ConsultPagareRunner" time="8.931"/>
  <system-out><![CDATA[17:26:34.609 [Test worker] INFO  com.intuit.karate.Suite - backed up existing 'build\karate-reports' dir to: build\karate-reports_1710195994605
17:26:35.543 [Test worker] INFO  com.intuit.karate - karate.env system property was: null 
17:26:37.026 [Test worker] INFO  com.intuit.karate - karate.env system property was: null 
17:26:37.897 [Test worker] INFO  com.intuit.karate - [print] {
  "documentNumber": "8431834",
  "statusNegotiation": "Proceso termino con exitoso",
  "numbersPagare": [
    "3103156"
  ]
}
 
17:26:37.905 [Test worker] INFO  com.intuit.karate - karate.env system property was: null 
---------------------------------------------------------
feature: classpath:firma-electronica/consult-pagare/consult_pagare.feature
scenarios:  3 | passed:  3 | failed:  0 | time: 4,9275
---------------------------------------------------------

17:26:41.662 [Test worker] INFO  com.intuit.karate.Suite - <<pass>> feature 1 of 1 (0 remaining) classpath:firma-electronica/consult-pagare/consult_pagare.feature
Karate version: 1.3.0
======================================================
elapsed:   7,75 | threads:    1 | thread time: 4,93 
features:     1 | skipped:    0 | efficiency: 0,64
scenarios:    3 | passed:     3 | failed: 0
======================================================

HTML report: (paste into browser to view) | Karate version: 1.3.0
file:///C:/Users/2614596/OneDrive%20-%20TCS%20COM%20PROD/Documents/CCRED10/NU0388001_Instrumentador_De_Alternativas_MR_Test/firma_electronica_test/Instrumentador_De_Alternativas_firma_electronica_test/build/karate-reports/karate-summary.html
===================================================================

]]></system-out>
  <system-err><![CDATA[Mar 11, 2024 5:26:42 PM net.masterthought.cucumber.ReportParser parseJsonFiles
INFO: File 'C:\Users\2614596\OneDrive - TCS COM PROD\Documents\CCRED10\NU0388001_Instrumentador_De_Alternativas_MR_Test\firma_electronica_test\Instrumentador_De_Alternativas_firma_electronica_test\build\karate-reports\firma-electronica.consult-pagare.consult_pagare.json' contains 1 features
]]></system-err>
</testsuite>
