<?xml version="1.0" encoding="UTF-8"?>
<testsuite name="co.com.bancolombia.certification.portalautogestioncobranza.runners.ListadoNegociacion" tests="0" skipped="0" failures="0" errors="0" timestamp="1970-01-01T00:00:00" hostname="CHBOG9CRVMJ3" time="0.0">
  <properties/>
  <system-out><![CDATA[
?[33mPending scenarios:?[0m
file:///D:/AZURE/NU0388001_Instrumentador_De_Alternativas_MR_Test/firma_electronica_test/Instrumentador_De_Alternativas_firma_electronica_test/src/test/resources/features/listado_negociacion.feature:17 # Validate the name of the client

1 Scenarios (?[33m1 pending?[0m)
3 Steps (?[36m1 skipped?[0m, ?[33m1 pending?[0m, ?[32m1 passed?[0m)
0m10.882s


io.cucumber.java.PendingException: TODO: implement me
	at co.com.bancolombia.certification.portalautogestioncobranza.stepdefinitions.ListadoNegociacionStepDefinitions.iEnterToListadoNegaciacion(ListadoNegociacionStepDefinitions.java:34)
	at ?.I enter to listado negaciacion(file:///D:/AZURE/NU0388001_Instrumentador_De_Alternativas_MR_Test/firma_electronica_test/Instrumentador_De_Alternativas_firma_electronica_test/src/test/resources/features/listado_negociacion.feature:12)


]]></system-out>
  <system-err><![CDATA[[Test worker] INFO io.cucumber.core.plugin.SerenityReporter - Running feature from file:///D:/AZURE/NU0388001_Instrumentador_De_Alternativas_MR_Test/firma_electronica_test/Instrumentador_De_Alternativas_firma_electronica_test/src/test/resources/features/listado_negociacion.feature
[Test worker] INFO  - 

-------------------------------------------------------------------------------------
     _______. _______ .______       _______ .__   __.  __  .___________.____    ____ 
    /       ||   ____||   _  \     |   ____||  \ |  | |  | |           |\   \  /   / 
   |   (----`|  |__   |  |_)  |    |  |__   |   \|  | |  | `---|  |----` \   \/   /  
    \   \    |   __|  |      /     |   __|  |  . `  | |  |     |  |       \_    _/   
.----)   |   |  |____ |  |\  \----.|  |____ |  |\   | |  |     |  |         |  |     
|_______/    |_______|| _| `._____||_______||__| \__| |__|     |__|         |__|    
                                                                                     
 News and tutorials at http://www.serenity-bdd.info                                  
 Documentation at https://wakaleo.gitbooks.io/the-serenity-book/content/             
 Join the Serenity Community on Gitter: https://gitter.im/serenity-bdd/serenity-core 
 Serenity BDD Support and Training at http://serenity-bdd.info/#/trainingandsupport  
-------------------------------------------------------------------------------------

[Test worker] INFO  - Test Suite Started: Validar the screen listado negociacion functioning
[pool-2-thread-1] INFO org.reflections.Reflections - Reflections took 2 ms to scan 0 urls, producing 0 keys and 0 values
[Test worker] INFO io.cucumber.core.plugin.SerenityReporter - Cleanup test resources for URI file:///D:/AZURE/NU0388001_Instrumentador_De_Alternativas_MR_Test/firma_electronica_test/Instrumentador_De_Alternativas_firma_electronica_test/src/test/resources/features/listado_negociacion.feature
]]></system-err>
</testsuite>
