<?xml version="1.0" encoding="UTF-8"?>
<testsuite name="CrearGiradorRunner" tests="1" skipped="0" failures="0" errors="0" timestamp="2024-02-13T19:31:25" hostname="CHBOG9CRVMJ3" time="10.075">
  <properties/>
  <testcase name="testParallel()" classname="CrearGiradorRunner" time="10.075"/>
  <system-out><![CDATA[14:31:26.092 [Test worker] INFO  com.intuit.karate.Suite - backed up existing 'build\karate-reports' dir to: build\karate-reports_1707852686092
14:31:27.123 [Test worker] INFO  com.intuit.karate - karate.env system property was: null 
14:31:31.632 [Test worker] INFO  com.intuit.karate - [print] {
  "status": "Se actualizo los datos correctamente",
  "documentNumber": "4655107"
}
 
14:31:31.652 [Test worker] INFO  com.intuit.karate - karate.env system property was: null 
14:31:33.021 [Test worker] INFO  com.intuit.karate - karate.env system property was: null 
14:31:33.207 [Test worker] INFO  com.intuit.karate - karate.env system property was: null 
---------------------------------------------------------
feature: classpath:firma-electronica/crear-girador/crear_girador.feature
scenarios:  4 | passed:  4 | failed:  0 | time: 6.3239
---------------------------------------------------------

14:31:34.612 [Test worker] INFO  com.intuit.karate.Suite - <<pass>> feature 1 of 1 (0 remaining) classpath:firma-electronica/crear-girador/crear_girador.feature
Karate version: 1.3.0
======================================================
elapsed:   9.21 | threads:    1 | thread time: 6.32 
features:     1 | skipped:    0 | efficiency: 0.69
scenarios:    4 | passed:     4 | failed: 0
======================================================

HTML report: (paste into browser to view) | Karate version: 1.3.0
file:///D:/AZURE/NU0388001_Instrumentador_De_Alternativas_MR_Test/firma_electronica_test/Instrumentador_De_Alternativas_firma_electronica_test/build/karate-reports/karate-summary.html
===================================================================

]]></system-out>
  <system-err><![CDATA[Feb 13, 2024 2:31:34 PM net.masterthought.cucumber.ReportParser parseJsonFiles
INFO: File 'D:\AZURE\NU0388001_Instrumentador_De_Alternativas_MR_Test\firma_electronica_test\Instrumentador_De_Alternativas_firma_electronica_test\build\karate-reports\firma-electronica.crear-girador.crear_girador.json' contains 1 features
]]></system-err>
</testsuite>
